0 info it worked if it ends with ok
1 verbose cli [ '/usr/local/bin/node',
1 verbose cli   '/usr/local/bin/npm',
1 verbose cli   'install',
1 verbose cli   'angular-material@1.0.9' ]
2 info using npm@2.15.9
3 info using node@v4.5.0
4 verbose install initial load of /Library/WebServer/Documents/dev-dashboard/package.json
5 verbose installManyTop reading scoped package data from /Library/WebServer/Documents/dev-dashboard/node_modules/angular/package.json
6 verbose installManyTop reading scoped package data from /Library/WebServer/Documents/dev-dashboard/node_modules/angular-animate/package.json
7 verbose installManyTop reading scoped package data from /Library/WebServer/Documents/dev-dashboard/node_modules/angular-aria/package.json
8 verbose installManyTop reading scoped package data from /Library/WebServer/Documents/dev-dashboard/node_modules/angular-material/package.json
9 verbose installManyTop reading scoped package data from /Library/WebServer/Documents/dev-dashboard/node_modules/angular-material-data-table/package.json
10 verbose installManyTop reading scoped package data from /Library/WebServer/Documents/dev-dashboard/node_modules/angular-messages/package.json
11 verbose installManyTop reading scoped package data from /Library/WebServer/Documents/dev-dashboard/node_modules/angular-mocks/package.json
12 verbose installManyTop reading scoped package data from /Library/WebServer/Documents/dev-dashboard/node_modules/live-server/package.json
13 verbose installManyTop reading scoped package data from /Library/WebServer/Documents/dev-dashboard/node_modules/mapbox-gl/package.json
14 verbose installManyTop reading scoped package data from /Library/WebServer/Documents/dev-dashboard/node_modules/moment/package.json
15 info package.json angular-material@1.1.1 No license field.
16 verbose readDependencies loading dependencies from /Library/WebServer/Documents/dev-dashboard/package.json
17 silly cache add args [ 'angular-material@1.0.9', null ]
18 verbose cache add spec angular-material@1.0.9
19 silly cache add parsed spec Result {
19 silly cache add   raw: 'angular-material@1.0.9',
19 silly cache add   scope: null,
19 silly cache add   name: 'angular-material',
19 silly cache add   rawSpec: '1.0.9',
19 silly cache add   spec: '1.0.9',
19 silly cache add   type: 'version' }
20 silly addNamed angular-material@1.0.9
21 verbose addNamed "1.0.9" is a plain semver version for angular-material
22 silly mapToRegistry name angular-material
23 silly mapToRegistry using default registry
24 silly mapToRegistry registry https://registry.npmjs.org/
25 silly mapToRegistry data Result {
25 silly mapToRegistry   raw: 'angular-material',
25 silly mapToRegistry   scope: null,
25 silly mapToRegistry   name: 'angular-material',
25 silly mapToRegistry   rawSpec: '',
25 silly mapToRegistry   spec: 'latest',
25 silly mapToRegistry   type: 'tag' }
26 silly mapToRegistry uri https://registry.npmjs.org/angular-material
27 verbose addNameVersion registry:https://registry.npmjs.org/angular-material not in flight; fetching
28 verbose request uri https://registry.npmjs.org/angular-material
29 verbose request no auth needed
30 info attempt registry request try #1 at 11:25:56 AM
31 verbose request id 4a06d7f7027f5a40
32 verbose etag W/"585370da-f3fe"
33 verbose lastModified Fri, 16 Dec 2016 04:43:06 GMT
34 http request GET https://registry.npmjs.org/angular-material
35 http 304 https://registry.npmjs.org/angular-material
36 verbose headers { date: 'Fri, 27 Jan 2017 16:25:56 GMT',
36 verbose headers   via: '1.1 varnish',
36 verbose headers   'cache-control': 'max-age=300',
36 verbose headers   etag: 'W/"585370da-f3fe"',
36 verbose headers   age: '147',
36 verbose headers   connection: 'keep-alive',
36 verbose headers   'x-served-by': 'cache-atl6223-ATL',
36 verbose headers   'x-cache': 'HIT',
36 verbose headers   'x-cache-hits': '1',
36 verbose headers   'x-timer': 'S1485534356.704038,VS0,VE0',
36 verbose headers   vary: 'Accept-Encoding' }
37 silly get cb [ 304,
37 silly get   { date: 'Fri, 27 Jan 2017 16:25:56 GMT',
37 silly get     via: '1.1 varnish',
37 silly get     'cache-control': 'max-age=300',
37 silly get     etag: 'W/"585370da-f3fe"',
37 silly get     age: '147',
37 silly get     connection: 'keep-alive',
37 silly get     'x-served-by': 'cache-atl6223-ATL',
37 silly get     'x-cache': 'HIT',
37 silly get     'x-cache-hits': '1',
37 silly get     'x-timer': 'S1485534356.704038,VS0,VE0',
37 silly get     vary: 'Accept-Encoding' } ]
38 verbose etag https://registry.npmjs.org/angular-material from cache
39 verbose get saving angular-material to /Users/grecoj/.npm/registry.npmjs.org/angular-material/.cache.json
40 verbose correctMkdir /Users/grecoj/.npm correctMkdir not in flight; initializing
41 silly cache afterAdd angular-material@1.0.9
42 verbose afterAdd /Users/grecoj/.npm/angular-material/1.0.9/package/package.json not in flight; writing
43 verbose correctMkdir /Users/grecoj/.npm correctMkdir not in flight; initializing
44 verbose afterAdd /Users/grecoj/.npm/angular-material/1.0.9/package/package.json written
45 silly install resolved [ { name: 'angular-material',
45 silly install resolved     version: '1.0.9',
45 silly install resolved     main: 'index',
45 silly install resolved     format: 'cjs',
45 silly install resolved     registry: 'github',
45 silly install resolved     peerDependencies:
45 silly install resolved      { angular: '>=1.3 <1.6',
45 silly install resolved        'angular-animate': '>=1.3 <1.6',
45 silly install resolved        'angular-aria': '>=1.3 <1.6' },
45 silly install resolved     jspm: { dependencies: [Object], shim: [Object], peerDependencies: {} },
45 silly install resolved     homepage: 'https://material.angularjs.org',
45 silly install resolved     repository: { type: 'git', url: 'git://github.com/angular/material.git' },
45 silly install resolved     licenses: [ [Object] ],
45 silly install resolved     keywords: [ 'angular', 'material', 'browser', 'client-side' ],
45 silly install resolved     bugs: { url: 'https://github.com/angular/material/issues' },
45 silly install resolved     gitHead: 'a8c93a292d7d07cb1057d3b8bf1ef85d654d7241',
45 silly install resolved     description: 'This repository is used only for Angular Material v1.x library deployments and localized installs using `npm` and `bower`. The actual component source-code for this library is in the [main Angular Material repository](https://github.com/angular/material).',
45 silly install resolved     _id: 'angular-material@1.0.9',
45 silly install resolved     scripts: {},
45 silly install resolved     _shasum: '00e816f6381ffd164bc7e56dcf56549f0ff64d6c',
45 silly install resolved     _from: 'angular-material@1.0.9',
45 silly install resolved     _npmVersion: '3.6.0',
45 silly install resolved     _nodeVersion: '5.6.0',
45 silly install resolved     _npmUser: { name: 'angularcore', email: 'angular-core+npm@google.com' },
45 silly install resolved     dist:
45 silly install resolved      { shasum: '00e816f6381ffd164bc7e56dcf56549f0ff64d6c',
45 silly install resolved        tarball: 'https://registry.npmjs.org/angular-material/-/angular-material-1.0.9.tgz' },
45 silly install resolved     maintainers: [ [Object] ],
45 silly install resolved     _npmOperationalInternal:
45 silly install resolved      { host: 'packages-12-west.internal.npmjs.com',
45 silly install resolved        tmp: 'tmp/angular-material-1.0.9.tgz_1464720467222_0.06480797007679939' },
45 silly install resolved     directories: {},
45 silly install resolved     _resolved: 'https://registry.npmjs.org/angular-material/-/angular-material-1.0.9.tgz',
45 silly install resolved     readme: 'ERROR: No README data found!' } ]
46 info install angular-material@1.0.9 into /Library/WebServer/Documents/dev-dashboard
47 info installOne angular-material@1.0.9
48 verbose installOne of angular-material to /Library/WebServer/Documents/dev-dashboard not in flight; installing
49 verbose correctMkdir /Users/grecoj/.npm/_locks correctMkdir not in flight; initializing
50 verbose lock using /Users/grecoj/.npm/_locks/angular-material-876da9c624ff5e48.lock for /Library/WebServer/Documents/dev-dashboard/node_modules/angular-material
51 silly install write writing angular-material 1.0.9 to /Library/WebServer/Documents/dev-dashboard/node_modules/angular-material
52 verbose unbuild node_modules/angular-material
53 info preuninstall angular-material@1.1.1
54 info uninstall angular-material@1.1.1
55 verbose unbuild rmStuff angular-material@1.1.1 from /Library/WebServer/Documents/dev-dashboard/node_modules
56 info postuninstall angular-material@1.1.1
57 silly gentlyRm /Library/WebServer/Documents/dev-dashboard/node_modules/angular-material is being purged from base /Library/WebServer/Documents/dev-dashboard
58 verbose gentlyRm don't care about contents; nuking /Library/WebServer/Documents/dev-dashboard/node_modules/angular-material
59 silly vacuum-fs purging /Library/WebServer/Documents/dev-dashboard/node_modules/angular-material
60 silly vacuum-fs quitting because other entries in /Library/WebServer/Documents/dev-dashboard/node_modules
61 verbose tar unpack /Users/grecoj/.npm/angular-material/1.0.9/package.tgz
62 verbose tar unpacking to /Library/WebServer/Documents/dev-dashboard/node_modules/angular-material
63 silly gentlyRm /Library/WebServer/Documents/dev-dashboard/node_modules/angular-material is being purged
64 verbose gentlyRm don't care about contents; nuking /Library/WebServer/Documents/dev-dashboard/node_modules/angular-material
65 silly gunzTarPerm modes [ '755', '644' ]
66 silly gunzTarPerm extractEntry package.json
67 silly gunzTarPerm extractEntry .npmignore
68 silly gunzTarPerm extractEntry README.md
69 silly gunzTarPerm extractEntry LICENSE
70 silly gunzTarPerm extractEntry angular-material-mocks.js
71 silly gunzTarPerm extractEntry index.js
72 silly gunzTarPerm extractEntry angular-material.js
73 silly gunzTarPerm extractEntry angular-material.min.js
74 silly gunzTarPerm extractEntry CHANGELOG.md
75 silly gunzTarPerm extractEntry angular-material.scss
76 silly gunzTarPerm extractEntry bower.json
77 silly gunzTarPerm extractEntry angular-material.css
78 silly gunzTarPerm extractEntry layouts/angular-material.layout-attributes.css
79 silly gunzTarPerm extractEntry layouts/angular-material.layout-attributes.min.css
80 silly gunzTarPerm extractEntry layouts/angular-material.layout-attributes.scss
81 silly gunzTarPerm extractEntry layouts/angular-material.layouts.css
82 silly gunzTarPerm extractEntry layouts/angular-material.layouts.min.css
83 silly gunzTarPerm extractEntry layouts/angular-material.layouts.scss
84 silly gunzTarPerm extractEntry modules/closure/menu/menu.js
85 silly gunzTarPerm extractEntry modules/closure/menu/menu.min.js
86 silly gunzTarPerm extractEntry modules/closure/menu/menu-default-theme.css
87 silly gunzTarPerm extractEntry modules/closure/menu/menu-default-theme.min.css
88 silly gunzTarPerm extractEntry modules/closure/menu/menu.css
89 silly gunzTarPerm extractEntry modules/closure/menu/menu.min.css
90 silly gunzTarPerm extractEntry modules/closure/autocomplete/autocomplete.js
91 silly gunzTarPerm extractEntry modules/closure/autocomplete/autocomplete.min.js
92 silly gunzTarPerm extractEntry modules/closure/autocomplete/autocomplete-default-theme.css
93 silly gunzTarPerm extractEntry modules/closure/autocomplete/autocomplete-default-theme.min.css
94 silly gunzTarPerm extractEntry modules/closure/autocomplete/autocomplete.css
95 silly gunzTarPerm extractEntry modules/closure/autocomplete/autocomplete.min.css
96 silly gunzTarPerm extractEntry modules/closure/bottomSheet/bottomSheet.js
97 silly gunzTarPerm extractEntry modules/closure/bottomSheet/bottomSheet.min.js
98 silly gunzTarPerm extractEntry modules/closure/bottomSheet/bottomSheet-default-theme.css
99 silly gunzTarPerm extractEntry modules/closure/bottomSheet/bottomSheet-default-theme.min.css
100 silly gunzTarPerm extractEntry modules/closure/bottomSheet/bottomSheet.css
101 silly gunzTarPerm extractEntry modules/closure/bottomSheet/bottomSheet.min.css
102 silly gunzTarPerm extractEntry modules/closure/button/button.js
103 silly gunzTarPerm extractEntry modules/closure/button/button.min.js
104 silly gunzTarPerm extractEntry modules/closure/button/button-default-theme.css
105 silly gunzTarPerm extractEntry modules/closure/button/button-default-theme.min.css
106 silly gunzTarPerm extractEntry modules/closure/button/button.css
107 silly gunzTarPerm extractEntry modules/closure/button/button.min.css
108 silly gunzTarPerm extractEntry modules/closure/card/card.js
109 silly gunzTarPerm extractEntry modules/closure/card/card.min.js
110 silly gunzTarPerm extractEntry modules/closure/card/card-default-theme.css
111 silly gunzTarPerm extractEntry modules/closure/card/card-default-theme.min.css
112 silly gunzTarPerm extractEntry modules/closure/card/card.css
113 silly gunzTarPerm extractEntry modules/closure/card/card.min.css
114 silly gunzTarPerm extractEntry modules/closure/checkbox/checkbox.js
115 silly gunzTarPerm extractEntry modules/closure/checkbox/checkbox.min.js
116 silly gunzTarPerm extractEntry modules/closure/checkbox/checkbox-default-theme.css
117 silly gunzTarPerm extractEntry modules/closure/checkbox/checkbox-default-theme.min.css
118 silly gunzTarPerm extractEntry modules/closure/checkbox/checkbox.css
119 silly gunzTarPerm extractEntry modules/closure/checkbox/checkbox.min.css
120 silly gunzTarPerm extractEntry modules/closure/chips/chips.js
121 silly gunzTarPerm extractEntry modules/closure/chips/chips.min.js
122 silly gunzTarPerm extractEntry modules/closure/chips/chips-default-theme.css
123 silly gunzTarPerm extractEntry modules/closure/chips/chips-default-theme.min.css
124 silly gunzTarPerm extractEntry modules/closure/chips/chips.css
125 silly gunzTarPerm extractEntry modules/closure/chips/chips.min.css
126 silly gunzTarPerm extractEntry modules/closure/colors/colors.js
127 silly gunzTarPerm extractEntry modules/closure/colors/colors.min.js
128 silly gunzTarPerm extractEntry modules/closure/content/content.js
129 silly gunzTarPerm extractEntry modules/closure/content/content.min.js
130 silly gunzTarPerm extractEntry modules/closure/content/content-default-theme.css
131 silly gunzTarPerm extractEntry modules/closure/content/content-default-theme.min.css
132 silly gunzTarPerm extractEntry modules/closure/content/content.css
133 silly gunzTarPerm extractEntry modules/closure/content/content.min.css
134 silly gunzTarPerm extractEntry modules/closure/core/core.js
135 silly gunzTarPerm extractEntry modules/closure/core/core.min.js
136 silly gunzTarPerm extractEntry modules/closure/core/default-theme.js
137 silly gunzTarPerm extractEntry modules/closure/core/core.css
138 silly gunzTarPerm extractEntry modules/closure/core/core.min.css
139 silly gunzTarPerm extractEntry modules/closure/datepicker/datepicker.js
140 silly gunzTarPerm extractEntry modules/closure/datepicker/datepicker.min.js
141 silly gunzTarPerm extractEntry modules/closure/datepicker/datepicker-default-theme.css
142 silly gunzTarPerm extractEntry modules/closure/datepicker/datepicker-default-theme.min.css
143 silly gunzTarPerm extractEntry modules/closure/datepicker/datepicker.css
144 silly gunzTarPerm extractEntry modules/closure/datepicker/datepicker.min.css
145 silly gunzTarPerm extractEntry modules/closure/dialog/dialog.js
146 silly gunzTarPerm extractEntry modules/closure/dialog/dialog.min.js
147 silly gunzTarPerm extractEntry modules/closure/dialog/dialog-default-theme.css
148 silly gunzTarPerm extractEntry modules/closure/dialog/dialog-default-theme.min.css
149 silly gunzTarPerm extractEntry modules/closure/dialog/dialog.css
150 silly gunzTarPerm extractEntry modules/closure/dialog/dialog.min.css
151 silly gunzTarPerm extractEntry modules/closure/divider/divider.js
152 silly gunzTarPerm extractEntry modules/closure/divider/divider.min.js
153 silly gunzTarPerm extractEntry modules/closure/divider/divider-default-theme.css
154 silly gunzTarPerm extractEntry modules/closure/divider/divider-default-theme.min.css
155 silly gunzTarPerm extractEntry modules/closure/divider/divider.css
156 silly gunzTarPerm extractEntry modules/closure/divider/divider.min.css
157 silly gunzTarPerm extractEntry modules/closure/fabActions/fabActions.js
158 silly gunzTarPerm extractEntry modules/closure/fabActions/fabActions.min.js
159 silly gunzTarPerm extractEntry modules/closure/fabSpeedDial/fabSpeedDial.js
160 silly gunzTarPerm extractEntry modules/closure/fabSpeedDial/fabSpeedDial.min.js
161 silly gunzTarPerm extractEntry modules/closure/fabSpeedDial/fabSpeedDial.css
162 silly gunzTarPerm extractEntry modules/closure/fabSpeedDial/fabSpeedDial.min.css
163 silly gunzTarPerm extractEntry modules/closure/fabToolbar/fabToolbar.js
164 silly gunzTarPerm extractEntry modules/closure/fabToolbar/fabToolbar.min.js
165 silly gunzTarPerm extractEntry modules/closure/fabToolbar/fabToolbar.css
166 silly gunzTarPerm extractEntry modules/closure/fabToolbar/fabToolbar.min.css
167 silly gunzTarPerm extractEntry modules/closure/fabTrigger/fabTrigger.js
168 silly gunzTarPerm extractEntry modules/closure/fabTrigger/fabTrigger.min.js
169 silly gunzTarPerm extractEntry modules/closure/gridList/gridList.js
170 silly gunzTarPerm extractEntry modules/closure/gridList/gridList.min.js
171 silly gunzTarPerm extractEntry modules/closure/gridList/gridList-default-theme.css
172 silly gunzTarPerm extractEntry modules/closure/gridList/gridList.css
173 silly gunzTarPerm extractEntry modules/closure/gridList/gridList.min.css
174 silly gunzTarPerm extractEntry modules/closure/icon/icon.js
175 silly gunzTarPerm extractEntry modules/closure/icon/icon.min.js
176 silly gunzTarPerm extractEntry modules/closure/icon/icon-default-theme.css
177 silly gunzTarPerm extractEntry modules/closure/icon/icon-default-theme.min.css
178 silly gunzTarPerm extractEntry modules/closure/icon/icon.css
179 silly gunzTarPerm extractEntry modules/closure/icon/icon.min.css
180 silly gunzTarPerm extractEntry modules/closure/input/input.js
181 silly gunzTarPerm extractEntry modules/closure/input/input.min.js
182 silly gunzTarPerm extractEntry modules/closure/input/input-default-theme.css
183 silly gunzTarPerm extractEntry modules/closure/input/input-default-theme.min.css
184 silly gunzTarPerm extractEntry modules/closure/input/input.css
185 silly gunzTarPerm extractEntry modules/closure/input/input.min.css
186 silly gunzTarPerm extractEntry modules/closure/list/list.js
187 silly gunzTarPerm extractEntry modules/closure/list/list.min.js
188 silly gunzTarPerm extractEntry modules/closure/list/list-default-theme.css
189 silly gunzTarPerm extractEntry modules/closure/list/list-default-theme.min.css
190 silly gunzTarPerm extractEntry modules/closure/list/list.css
191 silly gunzTarPerm extractEntry modules/closure/list/list.min.css
192 silly gunzTarPerm extractEntry modules/closure/backdrop/backdrop.js
193 silly gunzTarPerm extractEntry modules/closure/backdrop/backdrop.min.js
194 silly gunzTarPerm extractEntry modules/closure/backdrop/backdrop-default-theme.css
195 silly gunzTarPerm extractEntry modules/closure/backdrop/backdrop-default-theme.min.css
196 silly gunzTarPerm extractEntry modules/closure/backdrop/backdrop.css
197 silly gunzTarPerm extractEntry modules/closure/backdrop/backdrop.min.css
198 silly gunzTarPerm extractEntry modules/closure/menuBar/menuBar.js
199 silly gunzTarPerm extractEntry modules/closure/menuBar/menuBar.min.js
200 silly gunzTarPerm extractEntry modules/closure/menuBar/menuBar-default-theme.css
201 silly gunzTarPerm extractEntry modules/closure/menuBar/menuBar-default-theme.min.css
202 silly gunzTarPerm extractEntry modules/closure/menuBar/menuBar.css
203 silly gunzTarPerm extractEntry modules/closure/menuBar/menuBar.min.css
204 silly gunzTarPerm extractEntry modules/closure/navBar/navBar.js
205 silly gunzTarPerm extractEntry modules/closure/navBar/navBar.min.js
206 silly gunzTarPerm extractEntry modules/closure/navBar/navBar-default-theme.css
207 silly gunzTarPerm extractEntry modules/closure/navBar/navBar-default-theme.min.css
208 silly gunzTarPerm extractEntry modules/closure/navBar/navBar.css
209 silly gunzTarPerm extractEntry modules/closure/navBar/navBar.min.css
210 silly gunzTarPerm extractEntry modules/closure/panel/panel.js
211 silly gunzTarPerm extractEntry modules/closure/panel/panel.min.js
212 silly gunzTarPerm extractEntry modules/closure/panel/panel-default-theme.css
213 silly gunzTarPerm extractEntry modules/closure/panel/panel-default-theme.min.css
214 silly gunzTarPerm extractEntry modules/closure/panel/panel.css
215 silly gunzTarPerm extractEntry modules/closure/panel/panel.min.css
216 silly gunzTarPerm extractEntry modules/closure/progressCircular/progressCircular.js
217 silly gunzTarPerm extractEntry modules/closure/progressCircular/progressCircular.min.js
218 silly gunzTarPerm extractEntry modules/closure/progressCircular/progressCircular-default-theme.css
219 silly gunzTarPerm extractEntry modules/closure/progressCircular/progressCircular-default-theme.min.css
220 silly gunzTarPerm extractEntry modules/closure/progressCircular/progressCircular.css
221 silly gunzTarPerm extractEntry modules/closure/progressCircular/progressCircular.min.css
222 silly gunzTarPerm extractEntry modules/closure/progressLinear/progressLinear.js
223 silly gunzTarPerm extractEntry modules/closure/progressLinear/progressLinear.min.js
224 silly gunzTarPerm extractEntry modules/closure/progressLinear/progressLinear-default-theme.css
225 silly gunzTarPerm extractEntry modules/closure/progressLinear/progressLinear-default-theme.min.css
226 silly gunzTarPerm extractEntry modules/closure/progressLinear/progressLinear.css
227 silly gunzTarPerm extractEntry modules/closure/progressLinear/progressLinear.min.css
228 silly gunzTarPerm extractEntry modules/closure/radioButton/radioButton.js
229 silly gunzTarPerm extractEntry modules/closure/radioButton/radioButton.min.js
230 silly gunzTarPerm extractEntry modules/closure/radioButton/radioButton-default-theme.css
231 silly gunzTarPerm extractEntry modules/closure/radioButton/radioButton-default-theme.min.css
232 silly gunzTarPerm extractEntry modules/closure/radioButton/radioButton.css
233 silly gunzTarPerm extractEntry modules/closure/radioButton/radioButton.min.css
234 silly gunzTarPerm extractEntry modules/closure/select/select.js
235 silly gunzTarPerm extractEntry modules/closure/select/select.min.js
236 silly gunzTarPerm extractEntry modules/closure/select/select-default-theme.css
237 silly gunzTarPerm extractEntry modules/closure/select/select-default-theme.min.css
238 silly gunzTarPerm extractEntry modules/closure/select/select.css
239 silly gunzTarPerm extractEntry modules/closure/select/select.min.css
240 silly gunzTarPerm extractEntry modules/closure/showHide/showHide.js
241 silly gunzTarPerm extractEntry modules/closure/showHide/showHide.min.js
242 silly gunzTarPerm extractEntry modules/closure/sidenav/sidenav.js
243 silly gunzTarPerm extractEntry modules/closure/sidenav/sidenav.min.js
244 silly gunzTarPerm extractEntry modules/closure/sidenav/sidenav-default-theme.css
245 silly gunzTarPerm extractEntry modules/closure/sidenav/sidenav-default-theme.min.css
246 silly gunzTarPerm extractEntry modules/closure/sidenav/sidenav.css
247 silly gunzTarPerm extractEntry modules/closure/sidenav/sidenav.min.css
248 silly gunzTarPerm extractEntry modules/closure/slider/slider.js
249 silly gunzTarPerm extractEntry modules/closure/slider/slider.min.js
250 silly gunzTarPerm extractEntry modules/closure/slider/slider-default-theme.css
251 silly gunzTarPerm extractEntry modules/closure/slider/slider-default-theme.min.css
252 silly gunzTarPerm extractEntry modules/closure/slider/slider.css
253 silly gunzTarPerm extractEntry modules/closure/slider/slider.min.css
254 silly gunzTarPerm extractEntry modules/closure/sticky/sticky.js
255 silly gunzTarPerm extractEntry modules/closure/sticky/sticky.min.js
256 silly gunzTarPerm extractEntry modules/closure/sticky/sticky.css
257 silly gunzTarPerm extractEntry modules/closure/sticky/sticky.min.css
258 silly gunzTarPerm extractEntry modules/closure/subheader/subheader.js
259 silly gunzTarPerm extractEntry modules/closure/subheader/subheader.min.js
260 silly gunzTarPerm extractEntry modules/closure/subheader/subheader-default-theme.css
261 silly gunzTarPerm extractEntry modules/closure/subheader/subheader-default-theme.min.css
262 silly gunzTarPerm extractEntry modules/closure/subheader/subheader.css
263 silly gunzTarPerm extractEntry modules/closure/subheader/subheader.min.css
264 silly gunzTarPerm extractEntry modules/closure/swipe/swipe.js
265 silly gunzTarPerm extractEntry modules/closure/swipe/swipe.min.js
266 silly gunzTarPerm extractEntry modules/closure/switch/switch.js
267 silly gunzTarPerm extractEntry modules/closure/switch/switch.min.js
268 silly gunzTarPerm extractEntry modules/closure/switch/switch-default-theme.css
269 silly gunzTarPerm extractEntry modules/closure/switch/switch-default-theme.min.css
270 silly gunzTarPerm extractEntry modules/closure/switch/switch.css
271 silly gunzTarPerm extractEntry modules/closure/switch/switch.min.css
272 silly gunzTarPerm extractEntry modules/closure/tabs/tabs.js
273 silly gunzTarPerm extractEntry modules/closure/tabs/tabs.min.js
274 silly gunzTarPerm extractEntry modules/closure/tabs/tabs-arrow.svg
275 silly gunzTarPerm extractEntry modules/closure/tabs/tabs-default-theme.css
276 silly gunzTarPerm extractEntry modules/closure/tabs/tabs-default-theme.min.css
277 silly gunzTarPerm extractEntry modules/closure/tabs/tabs.css
278 silly gunzTarPerm extractEntry modules/closure/tabs/tabs.min.css
279 silly gunzTarPerm extractEntry modules/closure/textField/textField.js
280 silly gunzTarPerm extractEntry modules/closure/textField/textField-default-theme.css
281 silly gunzTarPerm extractEntry modules/closure/textField/textField.css
282 silly gunzTarPerm extractEntry modules/closure/toast/toast.js
283 silly gunzTarPerm extractEntry modules/closure/toast/toast.min.js
284 silly gunzTarPerm extractEntry modules/closure/toast/toast-default-theme.css
285 silly gunzTarPerm extractEntry modules/closure/toast/toast-default-theme.min.css
286 silly gunzTarPerm extractEntry modules/closure/toast/toast.css
287 silly gunzTarPerm extractEntry modules/closure/toast/toast.min.css
288 silly gunzTarPerm extractEntry modules/closure/toolbar/toolbar.js
289 silly gunzTarPerm extractEntry modules/closure/toolbar/toolbar.min.js
290 silly gunzTarPerm extractEntry modules/closure/toolbar/toolbar-default-theme.css
291 silly gunzTarPerm extractEntry modules/closure/toolbar/toolbar-default-theme.min.css
292 silly gunzTarPerm extractEntry modules/closure/toolbar/toolbar.css
293 silly gunzTarPerm extractEntry modules/closure/toolbar/toolbar.min.css
294 silly gunzTarPerm extractEntry modules/closure/tooltip/tooltip.js
295 silly gunzTarPerm extractEntry modules/closure/tooltip/tooltip.min.js
296 silly gunzTarPerm extractEntry modules/closure/tooltip/tooltip-default-theme.css
297 silly gunzTarPerm extractEntry modules/closure/tooltip/tooltip-default-theme.min.css
298 silly gunzTarPerm extractEntry modules/closure/tooltip/tooltip.css
299 silly gunzTarPerm extractEntry modules/closure/tooltip/tooltip.min.css
300 silly gunzTarPerm extractEntry modules/closure/virtualRepeat/virtualRepeat.js
301 silly gunzTarPerm extractEntry modules/closure/virtualRepeat/virtualRepeat.min.js
302 silly gunzTarPerm extractEntry modules/closure/virtualRepeat/virtualRepeat.css
303 silly gunzTarPerm extractEntry modules/closure/virtualRepeat/virtualRepeat.min.css
304 silly gunzTarPerm extractEntry modules/closure/whiteframe/whiteframe.js
305 silly gunzTarPerm extractEntry modules/closure/whiteframe/whiteframe.min.js
306 silly gunzTarPerm extractEntry modules/closure/whiteframe/whiteframe.css
307 silly gunzTarPerm extractEntry modules/closure/whiteframe/whiteframe.min.css
308 silly gunzTarPerm extractEntry modules/js/menu/menu.js
309 silly gunzTarPerm extractEntry modules/js/menu/menu.min.js
310 silly gunzTarPerm extractEntry modules/js/menu/bower.json
311 silly gunzTarPerm extractEntry modules/js/menu/menu-default-theme.css
312 silly gunzTarPerm extractEntry modules/js/menu/menu-default-theme.min.css
313 silly gunzTarPerm extractEntry modules/js/menu/menu.css
314 silly gunzTarPerm extractEntry modules/js/menu/menu.min.css
315 silly gunzTarPerm extractEntry modules/js/autocomplete/autocomplete.js
316 silly gunzTarPerm extractEntry modules/js/autocomplete/autocomplete.min.js
317 silly gunzTarPerm extractEntry modules/js/autocomplete/autocomplete-default-theme.css
318 silly gunzTarPerm extractEntry modules/js/autocomplete/autocomplete-default-theme.min.css
319 silly gunzTarPerm extractEntry modules/js/autocomplete/autocomplete.css
320 silly gunzTarPerm extractEntry modules/js/autocomplete/autocomplete.min.css
321 silly gunzTarPerm extractEntry modules/js/autocomplete/bower.json
322 silly gunzTarPerm extractEntry modules/js/bottomSheet/bottomSheet.js
323 silly gunzTarPerm extractEntry modules/js/bottomSheet/bottomSheet.min.js
324 silly gunzTarPerm extractEntry modules/js/bottomSheet/bottomSheet-default-theme.css
325 silly gunzTarPerm extractEntry modules/js/bottomSheet/bottomSheet-default-theme.min.css
326 silly gunzTarPerm extractEntry modules/js/bottomSheet/bottomSheet.css
327 silly gunzTarPerm extractEntry modules/js/bottomSheet/bottomSheet.min.css
328 silly gunzTarPerm extractEntry modules/js/bottomSheet/bower.json
329 silly gunzTarPerm extractEntry modules/js/button/button.js
330 silly gunzTarPerm extractEntry modules/js/button/button.min.js
331 silly gunzTarPerm extractEntry modules/js/button/bower.json
332 silly gunzTarPerm extractEntry modules/js/button/button-default-theme.css
333 silly gunzTarPerm extractEntry modules/js/button/button-default-theme.min.css
334 silly gunzTarPerm extractEntry modules/js/button/button.css
335 silly gunzTarPerm extractEntry modules/js/button/button.min.css
336 silly gunzTarPerm extractEntry modules/js/card/card.js
337 silly gunzTarPerm extractEntry modules/js/card/card.min.js
338 silly gunzTarPerm extractEntry modules/js/card/bower.json
339 silly gunzTarPerm extractEntry modules/js/card/card-default-theme.css
340 silly gunzTarPerm extractEntry modules/js/card/card-default-theme.min.css
341 silly gunzTarPerm extractEntry modules/js/card/card.css
342 silly gunzTarPerm extractEntry modules/js/card/card.min.css
343 silly gunzTarPerm extractEntry modules/js/checkbox/checkbox.js
344 silly gunzTarPerm extractEntry modules/js/checkbox/checkbox.min.js
345 silly gunzTarPerm extractEntry modules/js/checkbox/bower.json
346 silly gunzTarPerm extractEntry modules/js/checkbox/checkbox-default-theme.css
347 silly gunzTarPerm extractEntry modules/js/checkbox/checkbox-default-theme.min.css
348 silly gunzTarPerm extractEntry modules/js/checkbox/checkbox.css
349 silly gunzTarPerm extractEntry modules/js/checkbox/checkbox.min.css
350 silly gunzTarPerm extractEntry modules/js/chips/chips.js
351 silly gunzTarPerm extractEntry modules/js/chips/chips.min.js
352 silly gunzTarPerm extractEntry modules/js/chips/bower.json
353 silly gunzTarPerm extractEntry modules/js/chips/chips-default-theme.css
354 silly gunzTarPerm extractEntry modules/js/chips/chips-default-theme.min.css
355 silly gunzTarPerm extractEntry modules/js/chips/chips.css
356 silly gunzTarPerm extractEntry modules/js/chips/chips.min.css
357 silly gunzTarPerm extractEntry modules/js/colors/colors.js
358 silly gunzTarPerm extractEntry modules/js/colors/colors.min.js
359 silly gunzTarPerm extractEntry modules/js/colors/bower.json
360 silly gunzTarPerm extractEntry modules/js/content/content.js
361 silly gunzTarPerm extractEntry modules/js/content/content.min.js
362 silly gunzTarPerm extractEntry modules/js/content/bower.json
363 silly gunzTarPerm extractEntry modules/js/content/content-default-theme.css
364 silly gunzTarPerm extractEntry modules/js/content/content-default-theme.min.css
365 silly gunzTarPerm extractEntry modules/js/content/content.css
366 silly gunzTarPerm extractEntry modules/js/content/content.min.css
367 silly gunzTarPerm extractEntry modules/js/core/core.js
368 silly gunzTarPerm extractEntry modules/js/core/core.min.js
369 silly gunzTarPerm extractEntry modules/js/core/default-theme.js
370 silly gunzTarPerm extractEntry modules/js/core/bower.json
371 silly gunzTarPerm extractEntry modules/js/core/core.css
372 silly gunzTarPerm extractEntry modules/js/core/core.min.css
373 silly gunzTarPerm extractEntry modules/js/datepicker/datepicker.js
374 silly gunzTarPerm extractEntry modules/js/datepicker/datepicker.min.js
375 silly gunzTarPerm extractEntry modules/js/datepicker/bower.json
376 silly gunzTarPerm extractEntry modules/js/datepicker/datepicker-default-theme.css
377 silly gunzTarPerm extractEntry modules/js/datepicker/datepicker-default-theme.min.css
378 silly gunzTarPerm extractEntry modules/js/datepicker/datepicker.css
379 silly gunzTarPerm extractEntry modules/js/datepicker/datepicker.min.css
380 silly gunzTarPerm extractEntry modules/js/dialog/dialog.js
381 silly gunzTarPerm extractEntry modules/js/dialog/dialog.min.js
382 silly gunzTarPerm extractEntry modules/js/dialog/bower.json
383 silly gunzTarPerm extractEntry modules/js/dialog/dialog-default-theme.css
384 silly gunzTarPerm extractEntry modules/js/dialog/dialog-default-theme.min.css
385 silly gunzTarPerm extractEntry modules/js/dialog/dialog.css
386 silly gunzTarPerm extractEntry modules/js/dialog/dialog.min.css
387 silly gunzTarPerm extractEntry modules/js/divider/divider.js
388 silly gunzTarPerm extractEntry modules/js/divider/divider.min.js
389 silly gunzTarPerm extractEntry modules/js/divider/bower.json
390 silly gunzTarPerm extractEntry modules/js/divider/divider-default-theme.css
391 silly gunzTarPerm extractEntry modules/js/divider/divider-default-theme.min.css
392 silly gunzTarPerm extractEntry modules/js/divider/divider.css
393 silly gunzTarPerm extractEntry modules/js/divider/divider.min.css
394 silly gunzTarPerm extractEntry modules/js/fabActions/fabActions.js
395 silly gunzTarPerm extractEntry modules/js/fabActions/fabActions.min.js
396 silly gunzTarPerm extractEntry modules/js/fabActions/bower.json
397 silly gunzTarPerm extractEntry modules/js/fabSpeedDial/fabSpeedDial.js
398 silly gunzTarPerm extractEntry modules/js/fabSpeedDial/fabSpeedDial.min.js
399 silly gunzTarPerm extractEntry modules/js/fabSpeedDial/bower.json
400 silly gunzTarPerm extractEntry modules/js/fabSpeedDial/fabSpeedDial.css
401 silly gunzTarPerm extractEntry modules/js/fabSpeedDial/fabSpeedDial.min.css
402 silly gunzTarPerm extractEntry modules/js/fabToolbar/fabToolbar.js
403 silly gunzTarPerm extractEntry modules/js/fabToolbar/fabToolbar.min.js
404 silly gunzTarPerm extractEntry modules/js/fabToolbar/bower.json
405 silly gunzTarPerm extractEntry modules/js/fabToolbar/fabToolbar.css
406 silly gunzTarPerm extractEntry modules/js/fabToolbar/fabToolbar.min.css
407 silly gunzTarPerm extractEntry modules/js/fabTrigger/fabTrigger.js
408 silly gunzTarPerm extractEntry modules/js/fabTrigger/fabTrigger.min.js
409 silly gunzTarPerm extractEntry modules/js/fabTrigger/bower.json
410 silly gunzTarPerm extractEntry modules/js/gridList/gridList.js
411 silly gunzTarPerm extractEntry modules/js/gridList/gridList.min.js
412 silly gunzTarPerm extractEntry modules/js/gridList/bower.json
413 silly gunzTarPerm extractEntry modules/js/gridList/gridList.css
414 silly gunzTarPerm extractEntry modules/js/gridList/gridList.min.css
415 silly gunzTarPerm extractEntry modules/js/icon/icon.js
416 silly gunzTarPerm extractEntry modules/js/icon/icon.min.js
417 silly gunzTarPerm extractEntry modules/js/icon/bower.json
418 silly gunzTarPerm extractEntry modules/js/icon/icon-default-theme.css
419 silly gunzTarPerm extractEntry modules/js/icon/icon-default-theme.min.css
420 silly gunzTarPerm extractEntry modules/js/icon/icon.css
421 silly gunzTarPerm extractEntry modules/js/icon/icon.min.css
422 silly gunzTarPerm extractEntry modules/js/input/input.js
423 silly gunzTarPerm extractEntry modules/js/input/input.min.js
424 silly gunzTarPerm extractEntry modules/js/input/bower.json
425 silly gunzTarPerm extractEntry modules/js/input/input-default-theme.css
426 silly gunzTarPerm extractEntry modules/js/input/input-default-theme.min.css
427 silly gunzTarPerm extractEntry modules/js/input/input.css
428 silly gunzTarPerm extractEntry modules/js/input/input.min.css
429 silly gunzTarPerm extractEntry modules/js/list/list.js
430 silly gunzTarPerm extractEntry modules/js/list/list.min.js
431 silly gunzTarPerm extractEntry modules/js/list/bower.json
432 silly gunzTarPerm extractEntry modules/js/list/list-default-theme.css
433 silly gunzTarPerm extractEntry modules/js/list/list-default-theme.min.css
434 silly gunzTarPerm extractEntry modules/js/list/list.css
435 silly gunzTarPerm extractEntry modules/js/list/list.min.css
436 silly gunzTarPerm extractEntry modules/js/backdrop/backdrop.js
437 silly gunzTarPerm extractEntry modules/js/backdrop/backdrop.min.js
438 silly gunzTarPerm extractEntry modules/js/backdrop/backdrop-default-theme.css
439 silly gunzTarPerm extractEntry modules/js/backdrop/backdrop-default-theme.min.css
440 silly gunzTarPerm extractEntry modules/js/backdrop/backdrop.css
441 silly gunzTarPerm extractEntry modules/js/backdrop/backdrop.min.css
442 silly gunzTarPerm extractEntry modules/js/backdrop/bower.json
443 silly gunzTarPerm extractEntry modules/js/menuBar/menuBar.js
444 silly gunzTarPerm extractEntry modules/js/menuBar/menuBar.min.js
445 silly gunzTarPerm extractEntry modules/js/menuBar/bower.json
446 silly gunzTarPerm extractEntry modules/js/menuBar/menuBar-default-theme.css
447 silly gunzTarPerm extractEntry modules/js/menuBar/menuBar-default-theme.min.css
448 silly gunzTarPerm extractEntry modules/js/menuBar/menuBar.css
449 silly gunzTarPerm extractEntry modules/js/menuBar/menuBar.min.css
450 silly gunzTarPerm extractEntry modules/js/navBar/navBar.js
451 silly gunzTarPerm extractEntry modules/js/navBar/navBar.min.js
452 silly gunzTarPerm extractEntry modules/js/navBar/bower.json
453 silly gunzTarPerm extractEntry modules/js/navBar/navBar-default-theme.css
454 silly gunzTarPerm extractEntry modules/js/navBar/navBar-default-theme.min.css
455 silly gunzTarPerm extractEntry modules/js/navBar/navBar.css
456 silly gunzTarPerm extractEntry modules/js/navBar/navBar.min.css
457 silly gunzTarPerm extractEntry modules/js/panel/panel.js
458 silly gunzTarPerm extractEntry modules/js/panel/panel.min.js
459 silly gunzTarPerm extractEntry modules/js/panel/bower.json
460 silly gunzTarPerm extractEntry modules/js/panel/panel-default-theme.css
461 silly gunzTarPerm extractEntry modules/js/panel/panel-default-theme.min.css
462 silly gunzTarPerm extractEntry modules/js/panel/panel.css
463 silly gunzTarPerm extractEntry modules/js/panel/panel.min.css
464 silly gunzTarPerm extractEntry modules/js/progressCircular/progressCircular.js
465 silly gunzTarPerm extractEntry modules/js/progressCircular/progressCircular.min.js
466 silly gunzTarPerm extractEntry modules/js/progressCircular/bower.json
467 silly gunzTarPerm extractEntry modules/js/progressCircular/progressCircular-default-theme.css
468 silly gunzTarPerm extractEntry modules/js/progressCircular/progressCircular-default-theme.min.css
469 silly gunzTarPerm extractEntry modules/js/progressCircular/progressCircular.css
470 silly gunzTarPerm extractEntry modules/js/progressCircular/progressCircular.min.css
471 silly gunzTarPerm extractEntry modules/js/progressLinear/progressLinear.js
472 silly gunzTarPerm extractEntry modules/js/progressLinear/progressLinear.min.js
473 silly gunzTarPerm extractEntry modules/js/progressLinear/bower.json
474 silly gunzTarPerm extractEntry modules/js/progressLinear/progressLinear-default-theme.css
475 silly gunzTarPerm extractEntry modules/js/progressLinear/progressLinear-default-theme.min.css
476 silly gunzTarPerm extractEntry modules/js/progressLinear/progressLinear.css
477 silly gunzTarPerm extractEntry modules/js/progressLinear/progressLinear.min.css
478 silly gunzTarPerm extractEntry modules/js/radioButton/radioButton.js
479 silly gunzTarPerm extractEntry modules/js/radioButton/radioButton.min.js
480 silly gunzTarPerm extractEntry modules/js/radioButton/bower.json
481 silly gunzTarPerm extractEntry modules/js/radioButton/radioButton-default-theme.css
482 silly gunzTarPerm extractEntry modules/js/radioButton/radioButton-default-theme.min.css
483 silly gunzTarPerm extractEntry modules/js/radioButton/radioButton.css
484 silly gunzTarPerm extractEntry modules/js/radioButton/radioButton.min.css
485 silly gunzTarPerm extractEntry modules/js/select/select.js
486 silly gunzTarPerm extractEntry modules/js/select/select.min.js
487 silly gunzTarPerm extractEntry modules/js/select/bower.json
488 silly gunzTarPerm extractEntry modules/js/select/select-default-theme.css
489 silly gunzTarPerm extractEntry modules/js/select/select-default-theme.min.css
490 silly gunzTarPerm extractEntry modules/js/select/select.css
491 silly gunzTarPerm extractEntry modules/js/select/select.min.css
492 silly gunzTarPerm extractEntry modules/js/showHide/showHide.js
493 silly gunzTarPerm extractEntry modules/js/showHide/showHide.min.js
494 silly gunzTarPerm extractEntry modules/js/showHide/bower.json
495 silly gunzTarPerm extractEntry modules/js/sidenav/sidenav.js
496 silly gunzTarPerm extractEntry modules/js/sidenav/sidenav.min.js
497 silly gunzTarPerm extractEntry modules/js/sidenav/bower.json
498 silly gunzTarPerm extractEntry modules/js/sidenav/sidenav-default-theme.css
499 silly gunzTarPerm extractEntry modules/js/sidenav/sidenav-default-theme.min.css
500 silly gunzTarPerm extractEntry modules/js/sidenav/sidenav.css
501 silly gunzTarPerm extractEntry modules/js/sidenav/sidenav.min.css
502 silly gunzTarPerm extractEntry modules/js/slider/slider.js
503 silly gunzTarPerm extractEntry modules/js/slider/slider.min.js
504 silly gunzTarPerm extractEntry modules/js/slider/bower.json
505 silly gunzTarPerm extractEntry modules/js/slider/slider-default-theme.css
506 silly gunzTarPerm extractEntry modules/js/slider/slider-default-theme.min.css
507 silly gunzTarPerm extractEntry modules/js/slider/slider.css
508 silly gunzTarPerm extractEntry modules/js/slider/slider.min.css
509 silly gunzTarPerm extractEntry modules/js/sticky/sticky.js
510 silly gunzTarPerm extractEntry modules/js/sticky/sticky.min.js
511 silly gunzTarPerm extractEntry modules/js/sticky/bower.json
512 silly gunzTarPerm extractEntry modules/js/sticky/sticky.css
513 silly gunzTarPerm extractEntry modules/js/sticky/sticky.min.css
514 silly gunzTarPerm extractEntry modules/js/subheader/subheader.js
515 silly gunzTarPerm extractEntry modules/js/subheader/subheader.min.js
516 silly gunzTarPerm extractEntry modules/js/subheader/bower.json
517 silly gunzTarPerm extractEntry modules/js/subheader/subheader-default-theme.css
518 silly gunzTarPerm extractEntry modules/js/subheader/subheader-default-theme.min.css
519 silly gunzTarPerm extractEntry modules/js/subheader/subheader.css
520 silly gunzTarPerm extractEntry modules/js/subheader/subheader.min.css
521 silly gunzTarPerm extractEntry modules/js/swipe/swipe.js
522 silly gunzTarPerm extractEntry modules/js/swipe/swipe.min.js
523 silly gunzTarPerm extractEntry modules/js/swipe/bower.json
524 silly gunzTarPerm extractEntry modules/js/switch/switch.js
525 silly gunzTarPerm extractEntry modules/js/switch/switch.min.js
526 silly gunzTarPerm extractEntry modules/js/switch/bower.json
527 silly gunzTarPerm extractEntry modules/js/switch/switch-default-theme.css
528 silly gunzTarPerm extractEntry modules/js/switch/switch-default-theme.min.css
529 silly gunzTarPerm extractEntry modules/js/switch/switch.css
530 silly gunzTarPerm extractEntry modules/js/switch/switch.min.css
531 silly gunzTarPerm extractEntry modules/js/tabs/tabs.js
532 silly gunzTarPerm extractEntry modules/js/tabs/tabs.min.js
533 silly gunzTarPerm extractEntry modules/js/tabs/bower.json
534 silly gunzTarPerm extractEntry modules/js/tabs/tabs-default-theme.css
535 silly gunzTarPerm extractEntry modules/js/tabs/tabs-default-theme.min.css
536 silly gunzTarPerm extractEntry modules/js/tabs/tabs.css
537 silly gunzTarPerm extractEntry modules/js/tabs/tabs.min.css
538 silly gunzTarPerm extractEntry modules/js/textField/textField.js
539 silly gunzTarPerm extractEntry modules/js/textField/textField.min.js
540 silly gunzTarPerm extractEntry modules/js/textField/bower.json
541 silly gunzTarPerm extractEntry modules/js/textField/textField-default-theme.css
542 silly gunzTarPerm extractEntry modules/js/textField/textField-default-theme.min.css
543 silly gunzTarPerm extractEntry modules/js/textField/textField.css
544 silly gunzTarPerm extractEntry modules/js/textField/textField.min.css
545 silly gunzTarPerm extractEntry modules/js/toast/toast.js
546 silly gunzTarPerm extractEntry modules/js/toast/toast.min.js
547 silly gunzTarPerm extractEntry modules/js/toast/bower.json
548 silly gunzTarPerm extractEntry modules/js/toast/toast-default-theme.css
549 silly gunzTarPerm extractEntry modules/js/toast/toast-default-theme.min.css
550 silly gunzTarPerm extractEntry modules/js/toast/toast.css
551 silly gunzTarPerm extractEntry modules/js/toast/toast.min.css
552 silly gunzTarPerm extractEntry modules/js/toolbar/toolbar.js
553 silly gunzTarPerm extractEntry modules/js/toolbar/toolbar.min.js
554 silly gunzTarPerm extractEntry modules/js/toolbar/bower.json
555 silly gunzTarPerm extractEntry modules/js/toolbar/toolbar-default-theme.css
556 silly gunzTarPerm extractEntry modules/js/toolbar/toolbar-default-theme.min.css
557 silly gunzTarPerm extractEntry modules/js/toolbar/toolbar.css
558 silly gunzTarPerm extractEntry modules/js/toolbar/toolbar.min.css
559 silly gunzTarPerm extractEntry modules/js/tooltip/tooltip.js
560 silly gunzTarPerm extractEntry modules/js/tooltip/tooltip.min.js
561 silly gunzTarPerm extractEntry modules/js/tooltip/bower.json
562 silly gunzTarPerm extractEntry modules/js/tooltip/tooltip-default-theme.css
563 silly gunzTarPerm extractEntry modules/js/tooltip/tooltip-default-theme.min.css
564 silly gunzTarPerm extractEntry modules/js/tooltip/tooltip.css
565 silly gunzTarPerm extractEntry modules/js/tooltip/tooltip.min.css
566 silly gunzTarPerm extractEntry modules/js/virtualRepeat/virtualRepeat.js
567 silly gunzTarPerm extractEntry modules/js/virtualRepeat/virtualRepeat.min.js
568 silly gunzTarPerm extractEntry modules/js/virtualRepeat/bower.json
569 silly gunzTarPerm extractEntry modules/js/virtualRepeat/virtualRepeat.css
570 silly gunzTarPerm extractEntry modules/js/virtualRepeat/virtualRepeat.min.css
571 silly gunzTarPerm extractEntry modules/js/whiteframe/whiteframe.js
572 silly gunzTarPerm extractEntry modules/js/whiteframe/whiteframe.min.js
573 silly gunzTarPerm extractEntry modules/js/whiteframe/bower.json
574 silly gunzTarPerm extractEntry modules/js/whiteframe/whiteframe.css
575 silly gunzTarPerm extractEntry modules/js/whiteframe/whiteframe.min.css
576 silly gunzTarPerm extractEntry modules/layouts/angular-material.layout-attributes.css
577 silly gunzTarPerm extractEntry modules/layouts/angular-material.layout-attributes.min.css
578 silly gunzTarPerm extractEntry modules/layouts/angular-material.layouts.css
579 silly gunzTarPerm extractEntry modules/layouts/angular-material.layouts.ie_fixes.css
580 silly gunzTarPerm extractEntry modules/layouts/angular-material.layouts.min.css
581 silly gunzTarPerm extractEntry modules/scss/angular-material.layout-attributes.scss
582 silly gunzTarPerm extractEntry modules/scss/angular-material.layouts.scss
583 silly gunzTarPerm extractEntry modules/scss/angular-material.scss
584 silly gunzTarPerm extractEntry angular-material.min.css
585 verbose write writing to /Library/WebServer/Documents/dev-dashboard/node_modules/angular-material/package.json
586 info preinstall angular-material@1.0.9
587 verbose readDependencies loading dependencies from /Library/WebServer/Documents/dev-dashboard/node_modules/angular-material/package.json
588 silly prepareForInstallMany adding angular@>=1.3 <1.6 from angular-material peerDependencies
589 silly prepareForInstallMany adding angular-animate@>=1.3 <1.6 from angular-material peerDependencies
590 silly prepareForInstallMany adding angular-aria@>=1.3 <1.6 from angular-material peerDependencies
591 warn peerDependencies The peer dependency angular@>=1.3 <1.6 included from angular-material will no
592 warn peerDependencies longer be automatically installed to fulfill the peerDependency
593 warn peerDependencies in npm 3+. Your application will need to depend on it explicitly.
594 warn peerDependencies The peer dependency angular-animate@>=1.3 <1.6 included from angular-material will no
595 warn peerDependencies longer be automatically installed to fulfill the peerDependency
596 warn peerDependencies in npm 3+. Your application will need to depend on it explicitly.
597 warn peerDependencies The peer dependency angular-aria@>=1.3 <1.6 included from angular-material will no
598 warn peerDependencies longer be automatically installed to fulfill the peerDependency
599 warn peerDependencies in npm 3+. Your application will need to depend on it explicitly.
600 verbose readDependencies loading dependencies from /Library/WebServer/Documents/dev-dashboard/node_modules/angular-material/package.json
601 silly install resolved []
602 verbose about to build /Library/WebServer/Documents/dev-dashboard/node_modules/angular-material
603 info build /Library/WebServer/Documents/dev-dashboard/node_modules/angular-material
604 info linkStuff angular-material@1.0.9
605 silly linkStuff angular-material@1.0.9 has /Library/WebServer/Documents/dev-dashboard/node_modules as its parent node_modules
606 verbose linkBins angular-material@1.0.9
607 verbose linkMans angular-material@1.0.9
608 verbose rebuildBundles angular-material@1.0.9
609 info install angular-material@1.0.9
610 info postinstall angular-material@1.0.9
611 verbose readDependencies loading dependencies from /Library/WebServer/Documents/dev-dashboard/package.json
612 verbose targetResolver reading package data from /Library/WebServer/Documents/dev-dashboard/node_modules/angular/package.json
613 verbose targetResolver reading package data from /Library/WebServer/Documents/dev-dashboard/node_modules/angular-animate/package.json
614 verbose targetResolver reading package data from /Library/WebServer/Documents/dev-dashboard/node_modules/angular-aria/package.json
615 verbose targetResolver reading package data from /Library/WebServer/Documents/dev-dashboard/node_modules/angular-material/package.json
616 verbose targetResolver reading package data from /Library/WebServer/Documents/dev-dashboard/node_modules/angular-material-data-table/package.json
617 verbose targetResolver reading package data from /Library/WebServer/Documents/dev-dashboard/node_modules/angular-messages/package.json
618 verbose targetResolver reading package data from /Library/WebServer/Documents/dev-dashboard/node_modules/angular-mocks/package.json
619 verbose targetResolver reading package data from /Library/WebServer/Documents/dev-dashboard/node_modules/live-server/package.json
620 verbose targetResolver reading package data from /Library/WebServer/Documents/dev-dashboard/node_modules/mapbox-gl/package.json
621 verbose targetResolver reading package data from /Library/WebServer/Documents/dev-dashboard/node_modules/moment/package.json
622 verbose targetResolver reading package data from /Library/WebServer/Documents/dev-dashboard/node_modules/.bin/live-server/package.json
623 verbose already installed skipping angular@>=1.3 <1.6 /Library/WebServer/Documents/dev-dashboard
624 verbose already installed skipping angular-animate@>=1.3 <1.6 /Library/WebServer/Documents/dev-dashboard
625 verbose already installed skipping angular-aria@>=1.3 <1.6 /Library/WebServer/Documents/dev-dashboard
626 silly install resolved []
627 verbose unlock done using /Users/grecoj/.npm/_locks/angular-material-876da9c624ff5e48.lock for /Library/WebServer/Documents/dev-dashboard/node_modules/angular-material
628 verbose validateInstall loading /Library/WebServer/Documents/dev-dashboard/package.json for validation
629 verbose stack Error: The package angular@1.6.1 does not satisfy its siblings' peerDependencies requirements!
629 verbose stack     at /usr/local/lib/node_modules/npm/lib/install.js:125:32
629 verbose stack     at /usr/local/lib/node_modules/npm/lib/install.js:268:7
629 verbose stack     at /usr/local/lib/node_modules/npm/node_modules/read-installed/read-installed.js:142:5
629 verbose stack     at /usr/local/lib/node_modules/npm/node_modules/read-installed/read-installed.js:263:14
629 verbose stack     at cb (/usr/local/lib/node_modules/npm/node_modules/slide/lib/async-map.js:47:24)
629 verbose stack     at /usr/local/lib/node_modules/npm/node_modules/read-installed/read-installed.js:263:14
629 verbose stack     at cb (/usr/local/lib/node_modules/npm/node_modules/slide/lib/async-map.js:47:24)
629 verbose stack     at /usr/local/lib/node_modules/npm/node_modules/read-installed/read-installed.js:263:14
629 verbose stack     at cb (/usr/local/lib/node_modules/npm/node_modules/slide/lib/async-map.js:47:24)
629 verbose stack     at /usr/local/lib/node_modules/npm/node_modules/read-installed/read-installed.js:263:14
630 verbose cwd /Library/WebServer/Documents/dev-dashboard
631 error Darwin 16.3.0
632 error argv "/usr/local/bin/node" "/usr/local/bin/npm" "install" "angular-material@1.0.9"
633 error node v4.5.0
634 error npm  v2.15.9
635 error code EPEERINVALID
636 error peerinvalid The package angular@1.6.1 does not satisfy its siblings' peerDependencies requirements!
636 error peerinvalid Peer angular-material@1.0.9 wants angular@>=1.3 <1.6
636 error peerinvalid Peer angular-material-data-table@0.10.10 wants angular@^1.4.0
637 verbose exit [ 1, true ]
